#app-alternatives/ncursesw
#dev-libs/directfb  # optional
#dev-libs/libhid  # optional
#dev-libs/libusb-compat  # optional
#dev-libs/libusb  # optional
dev-util/pkgconf
media-libs/alsa-lib
#media-libs/freetype  # for libcaca
#media-libs/libcaca  # optional
media-libs/libjpeg-turbo3
media-libs/libpng
sys-apps/file
sys-devel/binutils
sys-devel/gcc9
sys-devel/make
sys-kernel/linux-headers-musl
sys-libs/musl0
sys-libs/zlib  # for libpng
x11-base/xcb-proto
x11-base/xorg-proto
x11-libs/libx11
x11-libs/libxau
x11-libs/libxcb
x11-libs/libxdmcp
x11-libs/libxext
x11-libs/libxfixes
x11-libs/libxi
x11-libs/libxrender
x11-libs/libxrandr
x11-libs/libxv
x11-libs/xtrans
x11-misc/util-macros
