append-flags: '-mx32 -msse2'
append-flags: '-O2'
append-flags: '-fno-stack-protector -no-pie -g0 -march=x86-64'
patching file player/main.c
Hunk #1 succeeded at 431 with fuzz 1 (offset 12 lines).
patching file test/gl_video.c
patching file test/test_helpers.h
Setting top to                           : /build/mpv-0.28.2 
Setting out to                           : /build/mpv-0.28.2/build 
Checking for waf version in 1.8.4-2.0.0  : ok 
Checking for program 'cc'                : cc 
Checking for program 'pkg-config'        : pkgconf 
Checking for program 'ar'                : ar 
Checking for program 'rst2html'          : not found 
Checking for program 'rst2man'           : not found 
Checking for program 'rst2pdf'           : not found 
Checking for program 'windres'           : not found 
Checking for program 'perl'              : not found 
Checking for 'gcc' (C compiler)          : cc 
Detected target OS:                      : os-linux 
Checking for compiler flags -Werror=implicit-function-declaration : yes 
Checking for compiler flags -Wno-error=deprecated-declarations    : yes 
Checking for compiler flags -Wno-error=unused-function            : yes 
Checking for compiler flags -Wempty-body                          : yes 
Checking for compiler flags -Wdisabled-optimization               : yes 
Checking for compiler flags -Wstrict-prototypes                   : yes 
Checking for compiler flags -Wno-format-zero-length               : yes 
Checking for compiler flags -Werror=format-security               : yes 
Checking for compiler flags -Wno-redundant-decls                  : yes 
Checking for compiler flags -Wvla                                 : yes 
Checking for LGPL (version 2.1 or later) build                    : disabled 
Checking for GPL (version 2 or later) build                       : yes 
Checking for internal audio filter chain                          : yes 
Checking for mpv CLI player                                       : yes 
Checking for shared library                                       : yes 
Checking for static library                                       : disabled 
Checking for static build                                         : disabled 
Checking for whether to include binary compile time               : disabled 
Checking for whether to optimize                                  : disabled 
Checking for whether to compile-in debugging information          : disabled 
Checking for manpage generation                                   : no (missing RST2MAN) 
Checking for html manual generation                               : disabled 
Checking for pdf manual generation                                : disabled 
Checking for dynamic loader                                       : yes 
Checking for C plugins                                            : disabled 
Checking for zsh completion                                       : disabled 
Checking for inline assembly (currently without effect)           : yes 
Checking for test suite (using cmocka)                            : disabled 
Checking for generate a clang compilation database                : disabled 
Checking for compiler support for noexecstack                     : yes 
Checking for linker support for --nxcompat --no-seh --dynamicbase : no 
Checking for -lm                                                  : yes 
Checking for MinGW                                                : os-win32 not found 
Checking for POSIX environment                                    : yes 
Checking for Android environment                                  : disabled 
Checking for development environment                              : yes 
Checking for Universal Windows Platform                           : disabled 
Checking for win32 desktop APIs                                   : os-win32 not found 
Checking for internal pthread wrapper for win32 (Vista+)          : posix found 
Checking for POSIX threads                                        : yes 
Checking for GNU C extensions                                     : yes 
Checking for stdatomic.h                                          : yes 
Checking for stdatomic.h support or slow emulation                : yes 
Checking for linking with -lrt                                    : yes 
Checking for iconv                                                : yes 
Checking for w32/dos paths                                        : os-win32 not found 
Checking for spawnp()/kill() POSIX support                        : yes 
Checking for spawnp()/kill() Android replacement                  : posix-spawn-native found 
Checking for any spawnp()/kill() support                          : yes 
Checking for Windows pipe support                                 : posix found 
Checking for glob() POSIX support                                 : yes 
Checking for glob() win32 replacement                             : posix found 
Checking for any glob() support                                   : yes 
Checking for fchmod()                                             : yes 
Checking for vt.h                                                 : yes 
Checking for gbm.h                                                : yes 
Checking for GLIBC API for setting thread name                    : yes 
Checking for OSX API for setting thread name                      : glibc-thread-name found 
Checking for BSD API for setting thread name                      : glibc-thread-name found 
Checking for BSD's fstatfs()                                      : no 
Checking for Linux's fstatfs()                                    : yes 
Checking for Samba support (makes mpv GPLv3)                      : disabled 
Checking for Lua                                                  : disabled 
Checking for Javascript (MuJS backend)                            : yes 
Checking for SSA/ASS support                                      : yes 
Checking for libass OSD support                                   : yes 
Checking for dummy OSD support                                    : libass-osd found 
Checking for zlib                                                 : yes 
Checking for Encoding                                             : disabled 
Checking for Bluray support                                       : disabled 
Checking for dvdread support                                      : disabled 
Checking for dvdnav support                                       : disabled 
Checking for DVD/IFO support                                      : dvdread not found 
Checking for cdda support (libcdio)                               : disabled 
Checking for uchardet support                                     : yes 
Checking for librubberband support                                : disabled 
Checking for LCMS2 support                                        : disabled 
Checking for VapourSynth filter bridge (Python)                   : disabled 
Checking for VapourSynth filter bridge (Lazy Lua)                 : disabled 
Checking for VapourSynth filter bridge (core)                     : vapoursynth not found 
Checking for libarchive wrapper for reading zip files and more    : disabled 
Checking for SDL2                                                 : disabled 
Checking for SDL (1.x)                                            : disabled 
Checking for OSS                                                  : disabled 
Checking for RSound audio output                                  : disabled 
Checking for sndio audio input/output                             : disabled 
Checking for PulseAudio audio output                              : disabled 
Checking for JACK audio output                                    : disabled 
Checking for OpenAL audio output                                  : disabled 
Checking for OpenSL ES audio output                               : disabled 
Checking for ALSA audio output                                    : yes 
Checking for CoreAudio audio output                               : disabled 
Checking for AudioUnit output for iOS                             : no 
Checking for WASAPI audio output                                  : os-win32 not found 
Checking for Cocoa                                                : disabled 
Checking for DRM                                                  : yes 
Checking for DRM Prime ffmpeg support                             : yes 
Checking for GBM                                                  : yes 
Checking for wayland-scanner                                      : disabled 
Checking for wayland-protocols                                    : disabled 
Checking for Wayland                                              : disabled 
Checking for X11                                                  : yes 
Checking for Xv video output                                      : yes 
Checking for OpenGL Cocoa Backend                                 : disabled 
Checking for OpenGL X11 Backend                                   : yes 
Checking for OpenGL X11 EGL Backend                               : yes 
Checking for OpenGL DRM EGL Backend                               : yes 
Checking for OpenGL Wayland Backend                               : disabled 
Checking for OpenGL Win32 Backend                                 : win32-desktop not found 
Checking for OpenGL/DirectX Interop Backend                       : gl-win32 not found 
Checking for OpenGL ANGLE headers                                 : os-win32 not found 
Checking for OpenGL Win32 ANGLE Library                           : egl-angle not found 
Checking for OpenGL Win32 ANGLE Backend                           : egl-angle not found 
Checking for VDPAU acceleration                                   : disabled 
Checking for VDPAU with OpenGL/X11                                : disabled 
Checking for VAAPI acceleration                                   : disabled 
Checking for VAAPI (X11 support)                                  : disabled 
Checking for VAAPI (Wayland support)                              : disabled 
Checking for VAAPI (DRM/EGL support)                              : disabled 
Checking for VAAPI GLX                                            : disabled 
Checking for VAAPI EGL on X11                                     : disabled 
Checking for VAAPI EGL                                            : vaapi-x-egl not found 
Checking for CACA                                                 : disabled 
Checking for JPEG support                                         : disabled 
Checking for Direct3D support                                     : win32-desktop not found 
Checking for libshaderc SPIR-V compiler (shared library)          : no 
Checking for libshaderc SPIR-V compiler (static library)          : no 
Checking for libshaderc SPIR-V compiler                           : shaderc-shared not found 
Checking for libcrossc SPIR-V translator                          : no ('crossc' not found) 
Checking for Direct3D 11 video output                             : win32-desktop not found 
Checking for Raspberry Pi support                                 : disabled 
Checking for iOS OpenGL ES hardware decoding interop support      : no 
Checking for OpenGL without platform-specific code (e.g. for libmpv) : yes 
Checking for MALI via Linux fbdev                                    : disabled 
Checking for OpenGL context support                                  : yes 
Checking for Vulkan context support                                  : no ('vulkan' not found) 
Checking for EGL helper functions                                    : yes 
Checking for FFmpeg/Libav present                                    : yes 
Checking for libav* is FFmpeg                                        : yes 
Checking for libav* is Libav                                         : no 
Checking for Libav/FFmpeg library versions                           : yes 
Checking for libavdevice                                             : yes 
Checking for libavcodec videotoolbox hwaccel                         : gl-cocoa not found 
Checking for Videotoolbox with OpenGL                                : gl-cocoa not found 
Checking for D3D11VA hwaccel (plus ANGLE)                            : os-win32 not found 
Checking for DXVA2 hwaccel (plus ANGLE)                              : d3d-hwaccel not found 
Checking for OpenGL/DirectX Interop Backend DXVA2 interop            : gl-dxinterop not found 
Checking for CUDA hwaccel                                            : disabled 
Checking for TV interface                                            : disabled 
Checking for videoio.h                                               : tv not found 
Checking for videodev2.h                                             : tv not found 
Checking for Video4Linux2 TV interface                               : disabled 
Checking for libv4l2 support                                         : disabled 
Checking for audio input support                                     : disabled 
Checking for DVB input module                                        : disabled 
Checking for w32 executable                                          : os-win32 not found 
Checking for Apple Remote support                                    : disabled 
Checking for macOS Touch Bar support                                 : cocoa not found 
Writing configuration header:                                        : config.h 
'configure' finished successfully (9.095s)
Waf: Entering directory `/build/mpv-0.28.2/build'

[380/388] Compiling demux/demux_edl.c
[381/388] Compiling misc/json.c
[382/388] Compiling stream/stream_cb.c
[383/388] Compiling video/out/opengl/egl_helpers.c
[384/388] Compiling audio/out/ao_null.c
[385/388] Compiling demux/demux_playlist.c
[386/388] Linking build/mpv
[387/388] Linking build/libmpv.so
[388/388] Symlinking build/libmpv.so
Waf: Leaving directory `/build/mpv-0.28.2/build'
'build' finished successfully (2m32.038s)
Waf: Entering directory `/build/mpv-0.28.2/build'
[  1/408] Compiling version.sh
+ install /install/bin/mpv (from build/mpv)
+ install /install/usr/share/doc/mpv-0.28.2/mplayer-input.conf (from etc/mplayer-input.conf)
+ install /install/usr/share/doc/mpv-0.28.2/mpv.conf (from etc/mpv.conf)
+ install /install/usr/share/doc/mpv-0.28.2/input.conf (from etc/input.conf)
+ install /install/usr/share/doc/mpv-0.28.2/restore-old-bindings.conf (from etc/restore-old-bindings.conf)
+ symlink /install/libx32/libmpv.so.1 (to libmpv.so.1.26.0)
+ symlink /install/libx32/libmpv.so (to libmpv.so.1.26.0)
+ install /install/usr/include/mpv/opengl_cb.h (from libmpv/opengl_cb.h)
+ install /install/usr/include/mpv/client.h (from libmpv/client.h)
+ install /install/usr/include/mpv/qthelper.hpp (from libmpv/qthelper.hpp)
+ install /install/usr/include/mpv/stream_cb.h (from libmpv/stream_cb.h)
+ install /install/libx32/pkgconfig/mpv.pc (from build/libmpv/mpv.pc)
+ install /install/usr/share/applications/mpv.desktop (from etc/mpv.desktop)
+ install /install/usr/share/icons/hicolor/16x16/apps/mpv.png (from etc/mpv-icon-8bit-16x16.png)
+ install /install/usr/share/icons/hicolor/32x32/apps/mpv.png (from etc/mpv-icon-8bit-32x32.png)
+ install /install/usr/share/icons/hicolor/64x64/apps/mpv.png (from etc/mpv-icon-8bit-64x64.png)
+ install /install/usr/share/icons/hicolor/scalable/apps/mpv.svg (from etc/mpv-gradient.svg)
+ install /install/usr/share/icons/hicolor/symbolic/apps/mpv-symbolic.svg (from etc/mpv-symbolic.svg)
+ install /install/libx32/libmpv.so.1.26.0 (from build/libmpv.so)
Waf: Leaving directory `/build/mpv-0.28.2/build'
'install' finished successfully (3.965s)
copy from `bin/mpv' [elf32-x86-64] to `bin/stJIKJNJ' [elf32-x86-64]
copy from `libx32/libmpv.so' [elf32-x86-64] to `libx32/stmbjJNM' [elf32-x86-64]
strip --verbose --strip-all bin/mpv libx32/libmpv.so
