dev-build/meson  # build tool

dev-lang/python3
dev-libs/expat  # python bundled
dev-libs/libffi
dev-python/importlib-resources  # for meson (build tool)
dev-python/mako
dev-python/py3-setuptools  # for meson (build tool)
dev-python/zipp  # for meson (build tool)
dev-util/byacc  # alternative a bison
dev-util/pkgconf
dev-util/ninja  # for meson (build tool)

sys-devel/binutils
sys-devel/flex
sys-devel/gcc
sys-devel/gettext
sys-devel/m4  # required for ninja
sys-devel/make
sys-kernel/linux-headers-musl
sys-libs/musl
sys-libs/zlib  # for meson

x11-base/xorg-proto  # for x11

x11-libs/libdrm
x11-libs/libpciaccess
x11-libs/libvdpau
x11-libs/libx11  # for x11
x11-libs/libxau  # for x11
x11-libs/libxcb  # for x11
x11-libs/libxdamage
x11-libs/libxdmcp  # for x11
x11-libs/libxext  # optional
x11-libs/libxfixes
x11-libs/libxrandr
x11-libs/libxrender  # for libxft
x11-libs/libxshmfence
x11-libs/libxxf86vm

x11-misc/util-macros
