app-text/libpaper
app-text/poppler-data
#dev-libs/expat  # for fontconfig
dev-util/pkgconf

media-fonts/urw-fonts
#media-libs/fontconfig
#media-libs/freetype  # for fontconfig
#media-libs/tiff  # bundled

#net-dns/libidn  # for unicode
#net-print/cups  # optional

#sys-apps/dbus  # optional
sys-apps/file
sys-devel/binutils
sys-devel/gcc
sys-devel/make
sys-libs/musl

#x11-base/xcb-proto
#x11-base/xorg-proto

#x11-libs/libice  # for useflag X
#x11-libs/libsm  # for useflag X
#x11-libs/libx11  # for useflag X
#x11-libs/libxau  # for useflag X
#x11-libs/libxcb  # for useflag X
#x11-libs/libxdmcp  # for useflag X
#x11-libs/libxext  # for useflag X
#x11-libs/libxt  # for useflag X
#x11-libs/xtrans

#x11-misc/util-macros
