etc/locale.gen
etc/rpc
lib*/libBrokenLocale*.so*
lib*/libSegFault.so
sbin/sln
bin/catchsegv
bin/gencat
bin/getconf
bin/locale
bin/makedb
bin/mtrace
bin/pcprofiledump
bin/pldd
bin/sotruss
bin/sprof
bin/xtrace
<DPREFIX>/include/*
lib*/audit/*
lib*/cmake/*
lib*/pkgconfig/*
sbin/locale-gen
sbin/iconvconfig
<DPREFIX>/share/aclocal/*
<DPREFIX>/share/doc/*
<DPREFIX>/share/locale/*
<DPREFIX>/share/info/*
<DPREFIX>/share/man/*
var/db/Makefile
*/*-pc-linux-gnu*/*
*/*.a
*/*.la
*/*.o
*/*.spec
*/ABOUT*
*/COPYING*
*/README*
*/INSTALL
*/LICENSE*
*/VERSION
*/__pycache__
*/*.bat
*/*.example
*/examples
