app-text/djvu
#app-text/ghostscript-gpl  # testing

dev-libs/expat  # for fontconfig
dev-libs/libxml2  # for gettext
dev-util/pkgconf

media-fonts/dejavu-fonts
media-fonts/urw-fonts
media-libs/fontconfig
media-libs/freetype  # for fontconfig
media-libs/lcms2
media-libs/libjpeg-turbo
media-libs/libpng
media-libs/libwebp
media-libs/tiff

sys-apps/file
sys-devel/binutils
sys-devel/gcc
sys-devel/make
sys-libs/musl
sys-libs/zlib  # for libpng

x11-base/xorg-proto  # for x11

x11-libs/libice
x11-libs/libsm
x11-libs/libx11  # for x11
x11-libs/libxau  # for x11
x11-libs/libxcb  # for x11
x11-libs/libxdmcp  # for x11
x11-libs/libxext  # optional
x11-libs/libxt  # for x11
