dev-libs/expat  # for fontconfig
dev-libs/libassuan
dev-libs/libgcrypt
dev-libs/libgpg-error
dev-util/pkgconf

media-libs/fontconfig
media-libs/freetype  # for fontconfig

sys-devel/binutils
sys-devel/gcc
sys-devel/make
sys-libs/musl
sys-libs/ncurses
#sys-libs/netbsd-curses  # for static build

x11-base/xorg-proto

x11-libs/fltk
x11-libs/libice
x11-libs/libsm
x11-libs/libx11
x11-libs/libxau
x11-libs/libxcb
x11-libs/libxcursor
x11-libs/libxdmcp
x11-libs/libxext
x11-libs/libxfixes
x11-libs/libxft  # optional
x11-libs/libxrender # for xft (optional)
