#app-text/ghostscript-gpl  # missing headers
app-text/poppler

dev-libs/expat  # for fontconfig
dev-libs/glib-compat
dev-libs/libffi  # for glib
dev-libs/openssl3  # for poppler
dev-util/byacc  # alternative a bison
dev-util/pkgconf

media-libs/fontconfig
media-libs/freetype  # for fontconfig
media-libs/gd
media-libs/lcms2  # for poppler
media-libs/libjpeg-turbo
media-libs/libpng
media-libs/libwebp
media-libs/tiff

sys-apps/file
sys-devel/binutils
sys-devel/gcc
sys-devel/lex
sys-devel/make
sys-libs/musl
sys-libs/zlib  # for glib,libpng

x11-base/xorg-proto  # for x11

#x11-libs/libice
x11-libs/libx11  # for x11
x11-libs/libxau  # for x11
x11-libs/libxcb  # for x11
x11-libs/libxdmcp  # for x11

x11-libs/libxext
#x11-libs/libxrender  # for ghostscript-gpl
