#dev-build/autoconf71  # required for autotools
#dev-build/automake16  # required for autotools
#dev-build/libtool9  # required for autotools
#dev-lang/perl  # required for autotools
dev-lang/python3-8  # required for glib[meson]
dev-libs/directfb
dev-libs/expat  # for freetype,python
dev-libs/glib74  # pre: glib69
dev-libs/libffi  # required for glib
dev-libs/lzo  # optional
#dev-libs/pcre  # required for glib[meson]
dev-libs/pcre2  # for glib74
dev-util/pkgconf

media-libs/fontconfig
media-libs/freetype
#media-libs/libjpeg-turbo3  # pre: libjpeg-turbo1, deps directfb
media-libs/libpng
sys-kernel/linux-headers-musl  # optional, testing
media-libs/mesa  # optional

sys-apps/file
sys-devel/binutils9
sys-devel/gcc9
#sys-devel/m4  # required for autotools
sys-devel/make
sys-libs/musl
sys-libs/zlib  # for libpng

x11-base/xcb-proto  # remove?
x11-base/xorg-proto

x11-libs/libdrm  # for mesa
x11-libs/libpciaccess  # for mesa
x11-libs/libvdpau  # for mesa
x11-libs/libx11
x11-libs/libxau
x11-libs/libxcb
x11-libs/libxdamage  # for mesa
x11-libs/libxdmcp
x11-libs/libxext
x11-libs/libxfixes  # for mesa
x11-libs/libxrandr  # for mesa
x11-libs/libxrender
x11-libs/libxshmfence  # for mesa
x11-libs/libxxf86vm  # for mesa
x11-libs/pixman

x11-misc/util-macros
