bin/*?<PN>
bin/r*
etc/*
#bin/*

<DPREFIX>/*

<DPREFIX>/share/<PN>/changelog.nanorc
<DPREFIX>/share/<PN>/elisp.nanorc
<DPREFIX>/share/<PN>/fortran.nanorc
<DPREFIX>/share/<PN>/go.nanorc
<DPREFIX>/share/<PN>/groff.nanorc
<DPREFIX>/share/<PN>/guile.nanorc
<DPREFIX>/share/<PN>/java.nanorc
<DPREFIX>/share/<PN>/lua.nanorc
<DPREFIX>/share/<PN>/mgp.nanorc
<DPREFIX>/share/<PN>/mutt.nanorc
<DPREFIX>/share/<PN>/objc.nanorc
<DPREFIX>/share/<PN>/ocaml.nanorc
<DPREFIX>/share/<PN>/postgresql.nanorc
<DPREFIX>/share/<PN>/pov.nanorc
<DPREFIX>/share/<PN>/ruby.nanorc
<DPREFIX>/share/<PN>/rust.nanorc
<DPREFIX>/share/<PN>/tcl.nanorc
<DPREFIX>/share/<PN>/tex.nanorc
<DPREFIX>/share/<PN>/texinfo.nanorc

<DPREFIX>/share/<PN>/extra/*
