dev-libs/expat  # for fontconfig,dbus
dev-util/pkgconf

media-libs/fontconfig
media-libs/freetype  # for fontconfig
media-libs/libjpeg-turbo
media-libs/libpng

sys-devel/binutils
sys-devel/gcc
sys-devel/make
sys-libs/musl
sys-libs/zlib  # for libpng

x11-base/xorg-proto

x11-libs/fltk
x11-libs/libice
x11-libs/libsm
x11-libs/libx11
x11-libs/libxau
x11-libs/libxcb
x11-libs/libxcursor
x11-libs/libxdmcp
x11-libs/libxext
x11-libs/libxfixes
x11-libs/libxft  # optional
x11-libs/libxrender # for xft (optional)
