#app-busybox/basename
##app-busybox/cat
##app-busybox/chmod
##app-busybox/chown
#app-busybox/dirname
##app-busybox/install
#app-busybox/ln
#app-busybox/mkdir
##app-busybox/mktemp
##app-busybox/nice
##app-busybox/od
#app-busybox/rm
#app-busybox/sort
#app-busybox/tail
#app-busybox/touch
#app-busybox/tr
##app-busybox/uname
#app-busybox/uniq
#app-busybox/wc
##sys-apps/diff
#app-busybox/cmp
#app-busybox/xargs
#app-busybox/sed
##sys-apps/sed
#app-busybox/grep
#app-busybox/sha256sum
#app-busybox/mv

#sys-apps/gawk
#sys-apps/fakeroot
