##dev-libs/expat
##dev-libs/glib
##app-busybox/gzip
##app-busybox/install
##sys-apps/install
##app-arch/libbz2
##dev-libs/libressl
##app-busybox/mkdir
##dev-libs/pcre
##sys-apps/test

sys-devel/bison
#app-busybox/bunzip2
#app-busybox/bzip2
#app-busybox/cat
#sys-apps/coreutils
#app-busybox/cut
#app-busybox/date
#app-busybox/diff
#app-busybox/echo
#app-busybox/env
sys-apps/file
##app-busybox/find
#sys-apps/findutils
sys-devel/flex
#app-busybox/ftpget
#app-busybox/gunzip
#app-busybox/head
sys-devel/libtool
#app-busybox/mktemp
#app-busybox/nice
#app-busybox/od
#app-busybox/patch
#app-busybox/su
#app-busybox/tar
#app-busybox/xz
#sys-libs/zlib
##dev-util/pkg-config
