dev-libs/expat  # for xft
dev-util/pkgconf
#gnome-base/librsvg  # for svg

media-libs/freetype  # for xft
media-libs/fontconfig  # for xft
media-libs/libjpeg-turbo
media-libs/libpng

sys-devel/binutils
sys-devel/gcc
sys-devel/make
sys-libs/musl
sys-libs/zlib  # for libpng

x11-base/xorg-proto

#x11-libs/cairo  # for svg
#x11-libs/libice  # for libxmu
#x11-libs/pango  # optional
#x11-libs/libsm  # for libxmu
x11-libs/libx11
x11-libs/libxau
x11-libs/libxcb
x11-libs/libxdmcp
x11-libs/libxext
x11-libs/libxft  # truetype (optional)
#x11-libs/libxmu
x11-libs/libxrender
#x11-libs/libxt  # for libxmu
x11-libs/xtrans

x11-misc/util-macros
