dev-util/pkgconf

sys-apps/file
sys-devel/binutils
sys-devel/gcc
sys-devel/make
sys-libs/musl

media-libs/mesa

#x11-base/xcb-proto
x11-base/xorg-proto

x11-libs/libdrm  # for mesa (optional)
x11-libs/libpciaccess  # for mesa (optional)
x11-libs/libvdpau  # for mesa (optional)
x11-libs/libx11
x11-libs/libxau
x11-libs/libxcb
x11-libs/libxdamage  # for mesa (optional)
x11-libs/libxdmcp
x11-libs/libxext  # for mesa (optional)
x11-libs/libxfixes  # for mesa (optional)
x11-libs/libxrandr  # for mesa (optional)
x11-libs/libxrender  # for mesa (optional)
x11-libs/libxshmfence  # for mesa (optional)
x11-libs/libxxf86vm  # for mesa (optional)
x11-libs/xtrans

x11-misc/util-macros
