etc/<PN>/edit.indent.rc
#etc/<PN>/filehighlight.ini
etc/<PN>/<PN>.default.keymap
#etc/<PN>/<PN>.ext
#etc/<PN>/<PN>.ini
etc/<PN>/<PN>.keymap
etc/<PN>/<PN>.menu
etc/<PN>/sfs.ini
<DPREFIX>/libexec/<PN>/ext.d
#<DPREFIX>/libexec/<PN>/ext.d/archive.sh
<DPREFIX>/libexec/<PN>/ext.d/doc.sh
#<DPREFIX>/libexec/<PN>/ext.d/media.sh
<DPREFIX>/libexec/<PN>/ext.d/misc.sh
<DPREFIX>/libexec/<PN>/ext.d/package.sh
<DPREFIX>/libexec/<PN>/ext.d/text.sh
<DPREFIX>/libexec/<PN>/ext.d/web.sh
<DPREFIX>/libexec/<PN>/extfs.d
<DPREFIX>/libexec/<PN>/extfs.d/apt+
<DPREFIX>/libexec/<PN>/extfs.d/changesetfs
<DPREFIX>/libexec/<PN>/extfs.d/deb*
<DPREFIX>/libexec/<PN>/extfs.d/dpkg+
<DPREFIX>/libexec/<PN>/extfs.d/gitfs+
<DPREFIX>/libexec/<PN>/extfs.d/iso9660
<DPREFIX>/libexec/<PN>/extfs.d/lslR
<DPREFIX>/libexec/<PN>/extfs.d/mailfs
<DPREFIX>/libexec/<PN>/extfs.d/patch*fs
<DPREFIX>/libexec/<PN>/extfs.d/*rpm*
<DPREFIX>/share/<PN>/skins/default.ini
<DPREFIX>/share/<PN>/skins/*
