#etc/*
#<DPREFIX>/libexec/*
#<DPREFIX>/share/*

bin/*

bin/chgrp
bin/echo
bin/false
bin/pwd
bin/stty
bin/sync
bin/true
bin/tty

bin/[
bin/arch
bin/b*
bin/c*
bin/dirname
bin/expand
bin/factor
bin/fmt
bin/h*
#bin/i*
bin/join
bin/l*
bin/md5sum
bin/nl
bin/nohup
bin/nproc
bin/numfmt
bin/od
bin/p*
bin/r*
bin/sha1sum
bin/sha224sum
bin/sha384sum
bin/sha512sum
bin/shred
bin/shuf
bin/sleep
bin/sort
bin/split
bin/stat
bin/stdbuf
bin/sum
bin/t*
bin/u*
bin/w*

#*/dir
#*/du
#*/expr
#*/mkfifo
#*/mktemp
#*/readlink
#*/seq
#*/tail
#*/uname
#*/vdir
#*/yes
#*/env

#<DPREFIX>/*
#<DPREFIX>/*/
