#dev-lang/mujs
#dev-libs/gmp  # for openssl
#dev-libs/openssl  # no build: mupdf-x11
dev-util/pkgconf

#net-misc/curl

#media-libs/freetype  # for fontconfig
#media-libs/harfbuzz
#media-libs/jbig2dec
#media-libs/libjpeg-turbo
media-libs/libpng
#media-libs/openjpeg

sys-devel/binutils
sys-devel/gcc
sys-devel/make
sys-devel/patch  # for patch with fuzz and offset. (use: vanilla [zoom patch])
sys-libs/musl
sys-libs/zlib  # for openssl,png

x11-base/xorg-proto  # for x11

x11-libs/libx11  # for x11
x11-libs/libxau  # for x11
x11-libs/libxcb  # for x11
x11-libs/libxdmcp  # for x11
x11-libs/libxext  # optional
