dev-lang/perl  # required for autotools
dev-libs/expat  # for neon
dev-libs/libxml2-1
net-libs/neon

sys-devel/autoconf  # required for autotools
sys-devel/automake  # required for autotools
sys-devel/binutils
sys-devel/gcc9
sys-devel/gettext
sys-devel/libtool  # required for autotools
sys-devel/m4  # required for autotools
sys-devel/make
sys-devel/patch  # for patch with fuzz and offset.
sys-kernel/linux-headers-musl
#sys-libs/argp-standalone
#sys-libs/fts-standalone
#sys-libs/musl-legacy-error
sys-libs/musl0
#sys-libs/obstack-standalone
#sys-libs/queue-standalone
sys-libs/zlib  # for neon,zcomp
