#app-alternatives/install-utils
#app-alternatives/ncursesw
#app-busybox/install
#app-busybox/tar

dev-lang/duktape
dev-lang/perl
dev-libs/libcss
#dev-libs/directfb
dev-libs/expat
dev-libs/libnsfb
dev-libs/libutf8proc
dev-libs/libnsutils
dev-libs/libparserutils
dev-libs/libwapcaplet
dev-libs/libxml2
dev-libs/nsgenbind
dev-libs/openssl3

dev-perl/perl-html-parser
dev-util/nsbuildsystem
dev-util/pkgconf

media-fonts/dejavu-fonts
media-fonts/liberation-fonts
media-libs/alsa-lib
#media-libs/libcaca
media-libs/fontconfig
media-libs/freetype
media-libs/libjpeg-turbo
media-libs/libpng
media-libs/libnsbmp
media-libs/libnsgif
media-libs/libnspsl
media-libs/libsvgtiny
media-libs/libwebp
media-libs/sdl

net-libs/libdom
net-libs/libhubbub
net-misc/curl

sys-devel/binutils
sys-devel/gcc
sys-devel/make
sys-libs/musl
sys-libs/zlib
