mksrc.d/20-gen_variables.sh
mksrc.d/20-hostname.sh
mksrc.d/20-ldconfig.sh
mksrc.d/21-pkg_unpack.sh
mksrc.d/22-src_patch.sh
mksrc.d/23-src_sed.sh
mksrc.d/24-src_prepare_makefile.sh
mksrc.d/26-makeflag_cc.sh
mksrc.d/26-makeflag_find_workdir.sh
mksrc.d/26-makeflag_instdir.sh
mksrc.d/26-makeflag_shared.sh
mksrc.d/27-pre_myconf.sh
mksrc.d/29-global_flag.sh
mksrc.d/32-norm_makeopts.sh
mksrc.d/32-pkg_defconfig.sh
mksrc.d/32-pkg_menuconf.sh
mksrc.d/33-pre_configure.sh
mksrc.d/34-pkg_configure.sh
mksrc.d/36-pkg_compile.sh
mksrc.d/40-pre_makeinstall.sh
mksrc.d/42-pre_install.sh
mksrc.d/43-pkg_rename_pn.sh
mksrc.d/43-post_inst_perm.sh
mksrc.d/43-pre_rmlist.sh
mksrc.d/44-pkg_rm.sh
mksrc.d/44-post_rm.sh
mksrc.d/45-pkg_rm_empty.sh
mksrc.d/46-pkg_strip.sh
mksrc.d/53-pre_perm.sh
